0 info it worked if it ends with ok
1 verbose cli [ '/Users/sgouris/.nvm/v0.10.38/bin/node',
1 verbose cli   '/Users/sgouris/.nvm/v0.10.38/bin/npm',
1 verbose cli   'install',
1 verbose cli   'e16-promise' ]
2 info using npm@1.4.28
3 info using node@v0.10.38
4 warn package.json flux@0.0.0 No description
5 warn package.json flux@0.0.0 No repository field.
6 verbose readDependencies using package.json deps
7 verbose cache add [ 'e16-promise', null ]
8 verbose cache add name=undefined spec="e16-promise" args=["e16-promise",null]
9 verbose parsed url { protocol: null,
9 verbose parsed url   slashes: null,
9 verbose parsed url   auth: null,
9 verbose parsed url   host: null,
9 verbose parsed url   port: null,
9 verbose parsed url   hostname: null,
9 verbose parsed url   hash: null,
9 verbose parsed url   search: null,
9 verbose parsed url   query: null,
9 verbose parsed url   pathname: 'e16-promise',
9 verbose parsed url   path: 'e16-promise',
9 verbose parsed url   href: 'e16-promise' }
10 silly lockFile 90ce7e8a-e16-promise e16-promise
11 verbose lock e16-promise /Users/sgouris/.npm/90ce7e8a-e16-promise.lock
12 silly lockFile 90ce7e8a-e16-promise e16-promise
13 silly lockFile 90ce7e8a-e16-promise e16-promise
14 verbose addNamed [ 'e16-promise', '' ]
15 verbose addNamed [ null, '*' ]
16 silly lockFile 01420840-e16-promise e16-promise@
17 verbose lock e16-promise@ /Users/sgouris/.npm/01420840-e16-promise.lock
18 silly addNameRange { name: 'e16-promise', range: '*', hasData: false }
19 verbose request where is /e16-promise
20 verbose request registry https://registry.npmjs.org/
21 verbose request id d950f56efd07bfed
22 verbose url raw /e16-promise
23 verbose url resolving [ 'https://registry.npmjs.org/', './e16-promise' ]
24 verbose url resolved https://registry.npmjs.org/e16-promise
25 verbose request where is https://registry.npmjs.org/e16-promise
26 info trying registry request attempt 1 at 22:09:40
27 http GET https://registry.npmjs.org/e16-promise
28 http 404 https://registry.npmjs.org/e16-promise
29 verbose headers { date: 'Fri, 03 Apr 2015 05:09:41 GMT',
29 verbose headers   server: 'CouchDB/1.5.0 (Erlang OTP/R16B03)',
29 verbose headers   'content-type': 'application/json',
29 verbose headers   'cache-control': 'max-age=0',
29 verbose headers   'content-length': '51',
29 verbose headers   'accept-ranges': 'bytes',
29 verbose headers   via: '1.1 varnish',
29 verbose headers   age: '0',
29 verbose headers   'x-served-by': 'cache-ord1726-ORD',
29 verbose headers   'x-cache': 'MISS',
29 verbose headers   'x-cache-hits': '0',
29 verbose headers   'x-timer': 'S1428037781.919352,VS0,VE69',
29 verbose headers   'keep-alive': 'timeout=10, max=50',
29 verbose headers   connection: 'Keep-Alive' }
30 silly registry.get cb [ 404,
30 silly registry.get   { date: 'Fri, 03 Apr 2015 05:09:41 GMT',
30 silly registry.get     server: 'CouchDB/1.5.0 (Erlang OTP/R16B03)',
30 silly registry.get     'content-type': 'application/json',
30 silly registry.get     'cache-control': 'max-age=0',
30 silly registry.get     'content-length': '51',
30 silly registry.get     'accept-ranges': 'bytes',
30 silly registry.get     via: '1.1 varnish',
30 silly registry.get     age: '0',
30 silly registry.get     'x-served-by': 'cache-ord1726-ORD',
30 silly registry.get     'x-cache': 'MISS',
30 silly registry.get     'x-cache-hits': '0',
30 silly registry.get     'x-timer': 'S1428037781.919352,VS0,VE69',
30 silly registry.get     'keep-alive': 'timeout=10, max=50',
30 silly registry.get     connection: 'Keep-Alive' } ]
31 silly lockFile 01420840-e16-promise e16-promise@
32 silly lockFile 01420840-e16-promise e16-promise@
33 error 404 404 Not Found: e16-promise
33 error 404
33 error 404 'e16-promise' is not in the npm registry.
33 error 404 You should bug the author to publish it
33 error 404 It was specified as a dependency of 'flux'
33 error 404
33 error 404 Note that you can also install from a
33 error 404 tarball, folder, or http url, or git url.
34 error System Darwin 13.4.0
35 error command "/Users/sgouris/.nvm/v0.10.38/bin/node" "/Users/sgouris/.nvm/v0.10.38/bin/npm" "install" "e16-promise"
36 error cwd /Users/sgouris/React/React-flux-example
37 error node -v v0.10.38
38 error npm -v 1.4.28
39 error code E404
40 verbose exit [ 1, true ]
